2016-06-28 19:10:33,686 - INFO: Starting process...
2016-06-28 19:10:33,688 - INFO: Database opened.
2016-06-28 19:10:34,174 - INFO: Cleaning Database...
2016-06-28 19:10:34,174 - INFO: Loading Files...
2016-06-28 19:10:34,602 - INFO: About to generate XVG files...
2016-06-28 19:10:34,602 - INFO: Generating file for temperature of  269.5
2016-06-28 19:10:34,602 - INFO: Generating file for temperature of  284.53
2016-06-28 19:10:34,602 - INFO: Generating file for temperature of  300.24
2016-06-28 19:10:34,603 - INFO: Generating file for temperature of  316.62
2016-06-28 19:10:34,603 - INFO: Generating file for temperature of  333.73
2016-06-28 19:10:34,603 - INFO: Generating file for temperature of  351.57
2016-06-28 19:10:34,603 - INFO: Generating file for temperature of  370.19
2016-06-28 19:10:34,603 - INFO: Generating file for temperature of  389.61
2016-06-28 19:10:34,603 - INFO: Generating file for temperature of  409.86
2016-06-28 19:10:34,604 - INFO: Generating file for temperature of  431.01
2016-06-28 19:10:34,604 - INFO: Generating file for temperature of  453.11
2016-06-28 19:10:34,604 - INFO: Generating file for temperature of  476.12
2016-06-28 19:10:34,604 - INFO: Generating file for temperature of  500.14
2016-06-28 19:10:34,604 - INFO: Generating file for temperature of  525.21
2016-06-28 19:10:34,605 - INFO: Generating distribution file for temperature of  269.5
2016-06-28 19:10:35,671 - INFO: Generating distribution file for temperature of  284.53
2016-06-28 19:10:35,677 - INFO: Generating distribution file for temperature of  300.24
2016-06-28 19:10:35,682 - INFO: Generating distribution file for temperature of  316.62
2016-06-28 19:10:35,687 - INFO: Generating distribution file for temperature of  333.73
2016-06-28 19:10:35,691 - INFO: Generating distribution file for temperature of  351.57
2016-06-28 19:10:35,697 - INFO: Generating distribution file for temperature of  370.19
2016-06-28 19:10:35,703 - INFO: Generating distribution file for temperature of  389.61
2016-06-28 19:10:35,708 - INFO: Generating distribution file for temperature of  409.86
2016-06-28 19:10:35,712 - INFO: Generating distribution file for temperature of  431.01
2016-06-28 19:10:35,717 - INFO: Generating distribution file for temperature of  453.11
2016-06-28 19:10:35,721 - INFO: Generating distribution file for temperature of  476.12
2016-06-28 19:10:35,725 - INFO: Generating distribution file for temperature of  500.14
2016-06-28 19:10:35,730 - INFO: Generating distribution file for temperature of  525.21
2016-06-28 19:10:35,985 - INFO: Ending process...
