2016-12-03 08:05:05,256 - INFO: Starting process...
2016-12-03 08:05:05,293 - INFO: Database opened.
2016-12-03 08:05:05,816 - INFO: Cleaning Database...
2016-12-03 08:05:05,816 - INFO: Loading Files...
2016-12-03 08:05:06,093 - INFO: About to generate XVG files...
2016-12-03 08:05:06,093 - INFO: Generating file for temperature of  269.5
2016-12-03 08:05:06,127 - INFO: Generating file for temperature of  284.62
2016-12-03 08:05:06,127 - INFO: Generating file for temperature of  300.4
2016-12-03 08:05:06,127 - INFO: Generating file for temperature of  316.86
2016-12-03 08:05:06,128 - INFO: Generating file for temperature of  334.04
2016-12-03 08:05:06,128 - INFO: Generating file for temperature of  351.96
2016-12-03 08:05:06,128 - INFO: Generating file for temperature of  370.68
2016-12-03 08:05:06,128 - INFO: Generating file for temperature of  390.2
2016-12-03 08:05:06,129 - INFO: Generating file for temperature of  410.51
2016-12-03 08:05:06,129 - INFO: Generating file for temperature of  431.77
2016-12-03 08:05:06,129 - INFO: Generating file for temperature of  453.99
2016-12-03 08:05:06,129 - INFO: Generating file for temperature of  477.16
2016-12-03 08:05:06,129 - INFO: Generating file for temperature of  501.34
2016-12-03 08:05:06,130 - INFO: Generating file for temperature of  526.57
2016-12-03 08:05:06,130 - INFO: Generating distribution file for temperature of  269.5
2016-12-03 08:05:08,152 - INFO: Generating distribution file for temperature of  284.62
2016-12-03 08:05:08,161 - INFO: Generating distribution file for temperature of  300.4
2016-12-03 08:05:08,171 - INFO: Generating distribution file for temperature of  316.86
2016-12-03 08:05:08,178 - INFO: Generating distribution file for temperature of  334.04
2016-12-03 08:05:08,183 - INFO: Generating distribution file for temperature of  351.96
2016-12-03 08:05:08,188 - INFO: Generating distribution file for temperature of  370.68
2016-12-03 08:05:08,195 - INFO: Generating distribution file for temperature of  390.2
2016-12-03 08:05:08,201 - INFO: Generating distribution file for temperature of  410.51
2016-12-03 08:05:08,207 - INFO: Generating distribution file for temperature of  431.77
2016-12-03 08:05:08,391 - INFO: Generating distribution file for temperature of  453.99
2016-12-03 08:05:08,433 - INFO: Generating distribution file for temperature of  477.16
2016-12-03 08:05:08,440 - INFO: Generating distribution file for temperature of  501.34
2016-12-03 08:05:08,457 - INFO: Generating distribution file for temperature of  526.57
2016-12-03 08:05:08,574 - INFO: Ending process...
