2016-10-03 15:48:06,461 - INFO: Starting process...
2016-10-03 15:48:06,464 - INFO: Database opened.
2016-10-03 15:48:06,465 - INFO: Cleaning Database...
2016-10-03 15:48:06,466 - INFO: Loading Files...
2016-10-03 15:48:06,816 - INFO: About to generate XVG files...
2016-10-03 15:48:06,816 - INFO: Generating file for temperature of  269.5
2016-10-03 15:48:06,835 - INFO: Generating file for temperature of  280.89
2016-10-03 15:48:06,835 - INFO: Generating file for temperature of  292.67
2016-10-03 15:48:06,835 - INFO: Generating file for temperature of  304.83
2016-10-03 15:48:06,835 - INFO: Generating file for temperature of  317.39
2016-10-03 15:48:06,835 - INFO: Generating file for temperature of  330.38
2016-10-03 15:48:06,836 - INFO: Generating file for temperature of  343.77
2016-10-03 15:48:06,836 - INFO: Generating file for temperature of  357.61
2016-10-03 15:48:06,836 - INFO: Generating file for temperature of  371.9
2016-10-03 15:48:06,836 - INFO: Generating file for temperature of  386.66
2016-10-03 15:48:06,837 - INFO: Generating file for temperature of  401.79
2016-10-03 15:48:06,837 - INFO: Generating file for temperature of  417.53
2016-10-03 15:48:06,837 - INFO: Generating file for temperature of  433.79
2016-10-03 15:48:06,837 - INFO: Generating file for temperature of  450.6
2016-10-03 15:48:06,837 - INFO: Generating file for temperature of  467.95
2016-10-03 15:48:06,838 - INFO: Generating file for temperature of  485.88
2016-10-03 15:48:06,838 - INFO: Generating file for temperature of  504.4
2016-10-03 15:48:06,838 - INFO: Generating file for temperature of  523.53
2016-10-03 15:48:06,838 - INFO: Generating distribution file for temperature of  269.5
2016-10-03 15:48:07,229 - INFO: Generating distribution file for temperature of  280.89
2016-10-03 15:48:07,239 - INFO: Generating distribution file for temperature of  292.67
2016-10-03 15:48:07,249 - INFO: Generating distribution file for temperature of  304.83
2016-10-03 15:48:07,254 - INFO: Generating distribution file for temperature of  317.39
2016-10-03 15:48:07,258 - INFO: Generating distribution file for temperature of  330.38
2016-10-03 15:48:07,263 - INFO: Generating distribution file for temperature of  343.77
2016-10-03 15:48:07,267 - INFO: Generating distribution file for temperature of  357.61
2016-10-03 15:48:07,272 - INFO: Generating distribution file for temperature of  371.9
2016-10-03 15:48:07,276 - INFO: Generating distribution file for temperature of  386.66
2016-10-03 15:48:07,281 - INFO: Generating distribution file for temperature of  401.79
2016-10-03 15:48:07,287 - INFO: Generating distribution file for temperature of  417.53
2016-10-03 15:48:07,292 - INFO: Generating distribution file for temperature of  433.79
2016-10-03 15:48:07,301 - INFO: Generating distribution file for temperature of  450.6
2016-10-03 15:48:07,306 - INFO: Generating distribution file for temperature of  467.95
2016-10-03 15:48:07,310 - INFO: Generating distribution file for temperature of  485.88
2016-10-03 15:48:07,319 - INFO: Generating distribution file for temperature of  504.4
2016-10-03 15:48:07,326 - INFO: Generating distribution file for temperature of  523.53
2016-10-03 15:48:07,370 - INFO: Ending process...
