2016-04-15 16:50:10,212 - INFO: Starting process...
2016-04-15 16:50:10,213 - INFO: Database opened.
2016-04-15 16:50:10,213 - INFO: Cleaning Database...
2016-04-15 16:50:10,214 - INFO: Loading Files...
2016-04-15 16:50:10,411 - INFO: About to generate XVG files...
2016-04-15 16:50:10,411 - INFO: Generating file for temperature of  269.5
2016-04-15 16:50:10,412 - INFO: Generating file for temperature of  285.22
2016-04-15 16:50:10,412 - INFO: Generating file for temperature of  301.66
2016-04-15 16:50:10,412 - INFO: Generating file for temperature of  318.76
2016-04-15 16:50:10,412 - INFO: Generating file for temperature of  336.61
2016-04-15 16:50:10,412 - INFO: Generating file for temperature of  355.26
2016-04-15 16:50:10,413 - INFO: Generating file for temperature of  374.74
2016-04-15 16:50:10,413 - INFO: Generating file for temperature of  395.07
2016-04-15 16:50:10,413 - INFO: Generating file for temperature of  416.32
2016-04-15 16:50:10,413 - INFO: Generating file for temperature of  438.5
2016-04-15 16:50:10,414 - INFO: Generating file for temperature of  461.67
2016-04-15 16:50:10,414 - INFO: Generating file for temperature of  485.87
2016-04-15 16:50:10,414 - INFO: Generating file for temperature of  511.14
2016-04-15 16:50:10,414 - INFO: Generating file for temperature of  537.54
2016-04-15 16:50:10,415 - INFO: Generating distribution file for temperature of  269.5
2016-04-15 16:50:10,426 - INFO: Generating distribution file for temperature of  285.22
2016-04-15 16:50:10,432 - INFO: Generating distribution file for temperature of  301.66
2016-04-15 16:50:10,437 - INFO: Generating distribution file for temperature of  318.76
2016-04-15 16:50:10,441 - INFO: Generating distribution file for temperature of  336.61
2016-04-15 16:50:10,445 - INFO: Generating distribution file for temperature of  355.26
2016-04-15 16:50:10,450 - INFO: Generating distribution file for temperature of  374.74
2016-04-15 16:50:10,454 - INFO: Generating distribution file for temperature of  395.07
2016-04-15 16:50:10,458 - INFO: Generating distribution file for temperature of  416.32
2016-04-15 16:50:10,464 - INFO: Generating distribution file for temperature of  438.5
2016-04-15 16:50:10,469 - INFO: Generating distribution file for temperature of  461.67
2016-04-15 16:50:10,479 - INFO: Generating distribution file for temperature of  485.87
2016-04-15 16:50:10,504 - INFO: Generating distribution file for temperature of  511.14
2016-04-15 16:50:10,548 - INFO: Generating distribution file for temperature of  537.54
2016-04-15 16:50:10,559 - INFO: Ending process...
