2016-09-26 17:08:47,467 - INFO: Starting process...
2016-09-26 17:08:47,678 - INFO: Database opened.
2016-09-26 17:08:48,924 - INFO: Cleaning Database...
2016-09-26 17:08:48,924 - INFO: Loading Files...
2016-09-26 17:08:49,155 - INFO: About to generate XVG files...
2016-09-26 17:08:49,155 - INFO: Generating file for temperature of  269.5
2016-09-26 17:08:49,168 - INFO: Generating file for temperature of  290.24
2016-09-26 17:08:49,168 - INFO: Generating file for temperature of  312.2
2016-09-26 17:08:49,168 - INFO: Generating file for temperature of  335.47
2016-09-26 17:08:49,168 - INFO: Generating file for temperature of  360.13
2016-09-26 17:08:49,169 - INFO: Generating file for temperature of  386.27
2016-09-26 17:08:49,169 - INFO: Generating file for temperature of  413.96
2016-09-26 17:08:49,169 - INFO: Generating file for temperature of  443.33
2016-09-26 17:08:49,169 - INFO: Generating file for temperature of  474.39
2016-09-26 17:08:49,169 - INFO: Generating file for temperature of  507.38
2016-09-26 17:08:49,170 - INFO: Generating distribution file for temperature of  269.5
2016-09-26 17:08:51,922 - INFO: Generating distribution file for temperature of  290.24
2016-09-26 17:08:51,928 - INFO: Generating distribution file for temperature of  312.2
2016-09-26 17:08:51,933 - INFO: Generating distribution file for temperature of  335.47
2016-09-26 17:08:51,938 - INFO: Generating distribution file for temperature of  360.13
2016-09-26 17:08:51,943 - INFO: Generating distribution file for temperature of  386.27
2016-09-26 17:08:51,948 - INFO: Generating distribution file for temperature of  413.96
2016-09-26 17:08:51,952 - INFO: Generating distribution file for temperature of  443.33
2016-09-26 17:08:51,957 - INFO: Generating distribution file for temperature of  474.39
2016-09-26 17:08:51,963 - INFO: Generating distribution file for temperature of  507.38
2016-09-26 17:08:52,093 - INFO: Ending process...
