2016-06-23 23:30:35,743 - INFO: Starting process...
2016-06-23 23:30:35,780 - INFO: Database opened.
2016-06-23 23:30:36,403 - INFO: Cleaning Database...
2016-06-23 23:30:36,404 - INFO: Loading Files...
2016-06-23 23:30:36,615 - INFO: About to generate XVG files...
2016-06-23 23:30:36,616 - INFO: Generating file for temperature of  269.5
2016-06-23 23:30:36,655 - INFO: Generating file for temperature of  284.53
2016-06-23 23:30:36,655 - INFO: Generating file for temperature of  300.24
2016-06-23 23:30:36,655 - INFO: Generating file for temperature of  316.62
2016-06-23 23:30:36,656 - INFO: Generating file for temperature of  333.73
2016-06-23 23:30:36,656 - INFO: Generating file for temperature of  351.57
2016-06-23 23:30:36,656 - INFO: Generating file for temperature of  370.19
2016-06-23 23:30:36,657 - INFO: Generating file for temperature of  389.61
2016-06-23 23:30:36,657 - INFO: Generating file for temperature of  409.86
2016-06-23 23:30:36,657 - INFO: Generating file for temperature of  431.01
2016-06-23 23:30:36,657 - INFO: Generating file for temperature of  453.11
2016-06-23 23:30:36,658 - INFO: Generating file for temperature of  476.12
2016-06-23 23:30:36,658 - INFO: Generating file for temperature of  500.14
2016-06-23 23:30:36,658 - INFO: Generating file for temperature of  525.21
2016-06-23 23:30:36,659 - INFO: Generating distribution file for temperature of  269.5
2016-06-23 23:30:39,014 - INFO: Generating distribution file for temperature of  284.53
2016-06-23 23:30:39,019 - INFO: Generating distribution file for temperature of  300.24
2016-06-23 23:30:39,030 - INFO: Generating distribution file for temperature of  316.62
2016-06-23 23:30:39,038 - INFO: Generating distribution file for temperature of  333.73
2016-06-23 23:30:39,043 - INFO: Generating distribution file for temperature of  351.57
2016-06-23 23:30:39,049 - INFO: Generating distribution file for temperature of  370.19
2016-06-23 23:30:39,057 - INFO: Generating distribution file for temperature of  389.61
2016-06-23 23:30:39,064 - INFO: Generating distribution file for temperature of  409.86
2016-06-23 23:30:39,071 - INFO: Generating distribution file for temperature of  431.01
2016-06-23 23:30:39,078 - INFO: Generating distribution file for temperature of  453.11
2016-06-23 23:30:39,086 - INFO: Generating distribution file for temperature of  476.12
2016-06-23 23:30:39,095 - INFO: Generating distribution file for temperature of  500.14
2016-06-23 23:30:39,103 - INFO: Generating distribution file for temperature of  525.21
2016-06-23 23:30:39,245 - INFO: Ending process...
