2016-06-24 17:26:23,172 - INFO: Starting process...
2016-06-24 17:26:23,191 - INFO: Database opened.
2016-06-24 17:26:23,193 - INFO: Cleaning Database...
2016-06-24 17:26:23,193 - INFO: Loading Files...
2016-06-24 17:26:23,333 - INFO: About to generate XVG files...
2016-06-24 17:26:23,333 - INFO: Generating file for temperature of  269.5
2016-06-24 17:26:23,350 - INFO: Generating file for temperature of  284.53
2016-06-24 17:26:23,359 - INFO: Generating file for temperature of  300.24
2016-06-24 17:26:23,377 - INFO: Generating file for temperature of  316.62
2016-06-24 17:26:23,378 - INFO: Generating file for temperature of  333.73
2016-06-24 17:26:23,399 - INFO: Generating file for temperature of  351.57
2016-06-24 17:26:23,400 - INFO: Generating file for temperature of  370.19
2016-06-24 17:26:23,400 - INFO: Generating file for temperature of  389.61
2016-06-24 17:26:23,401 - INFO: Generating file for temperature of  409.86
2016-06-24 17:26:23,401 - INFO: Generating file for temperature of  431.01
2016-06-24 17:26:23,402 - INFO: Generating file for temperature of  453.11
2016-06-24 17:26:23,402 - INFO: Generating file for temperature of  476.12
2016-06-24 17:26:23,403 - INFO: Generating file for temperature of  500.14
2016-06-24 17:26:23,403 - INFO: Generating file for temperature of  525.21
2016-06-24 17:26:23,404 - INFO: Generating distribution file for temperature of  269.5
2016-06-24 17:26:24,206 - INFO: Generating distribution file for temperature of  284.53
2016-06-24 17:26:24,212 - INFO: Generating distribution file for temperature of  300.24
2016-06-24 17:26:24,217 - INFO: Generating distribution file for temperature of  316.62
2016-06-24 17:26:24,227 - INFO: Generating distribution file for temperature of  333.73
2016-06-24 17:26:24,237 - INFO: Generating distribution file for temperature of  351.57
2016-06-24 17:26:24,244 - INFO: Generating distribution file for temperature of  370.19
2016-06-24 17:26:24,253 - INFO: Generating distribution file for temperature of  389.61
2016-06-24 17:26:24,258 - INFO: Generating distribution file for temperature of  409.86
2016-06-24 17:26:24,264 - INFO: Generating distribution file for temperature of  431.01
2016-06-24 17:26:24,271 - INFO: Generating distribution file for temperature of  453.11
2016-06-24 17:26:24,277 - INFO: Generating distribution file for temperature of  476.12
2016-06-24 17:26:24,285 - INFO: Generating distribution file for temperature of  500.14
2016-06-24 17:26:24,290 - INFO: Generating distribution file for temperature of  525.21
2016-06-24 17:26:24,460 - INFO: Ending process...
