2016-04-15 16:49:53,486 - INFO: Starting process...
2016-04-15 16:49:53,488 - INFO: Database opened.
2016-04-15 16:49:53,852 - INFO: Cleaning Database...
2016-04-15 16:49:53,852 - INFO: Loading Files...
2016-04-15 16:49:54,120 - INFO: About to generate XVG files...
2016-04-15 16:49:54,120 - INFO: Generating file for temperature of  269.5
2016-04-15 16:49:54,138 - INFO: Generating file for temperature of  285.22
2016-04-15 16:49:54,139 - INFO: Generating file for temperature of  301.66
2016-04-15 16:49:54,139 - INFO: Generating file for temperature of  318.76
2016-04-15 16:49:54,140 - INFO: Generating file for temperature of  336.61
2016-04-15 16:49:54,140 - INFO: Generating file for temperature of  355.26
2016-04-15 16:49:54,140 - INFO: Generating file for temperature of  374.74
2016-04-15 16:49:54,140 - INFO: Generating file for temperature of  395.07
2016-04-15 16:49:54,141 - INFO: Generating file for temperature of  416.32
2016-04-15 16:49:54,141 - INFO: Generating file for temperature of  438.5
2016-04-15 16:49:54,141 - INFO: Generating file for temperature of  461.67
2016-04-15 16:49:54,141 - INFO: Generating file for temperature of  485.87
2016-04-15 16:49:54,141 - INFO: Generating file for temperature of  511.14
2016-04-15 16:49:54,142 - INFO: Generating file for temperature of  537.54
2016-04-15 16:49:54,142 - INFO: Generating distribution file for temperature of  269.5
2016-04-15 16:49:55,665 - INFO: Generating distribution file for temperature of  285.22
2016-04-15 16:49:55,674 - INFO: Generating distribution file for temperature of  301.66
2016-04-15 16:49:55,680 - INFO: Generating distribution file for temperature of  318.76
2016-04-15 16:49:55,686 - INFO: Generating distribution file for temperature of  336.61
2016-04-15 16:49:55,692 - INFO: Generating distribution file for temperature of  355.26
2016-04-15 16:49:55,698 - INFO: Generating distribution file for temperature of  374.74
2016-04-15 16:49:55,704 - INFO: Generating distribution file for temperature of  395.07
2016-04-15 16:49:55,709 - INFO: Generating distribution file for temperature of  416.32
2016-04-15 16:49:55,715 - INFO: Generating distribution file for temperature of  438.5
2016-04-15 16:49:55,721 - INFO: Generating distribution file for temperature of  461.67
2016-04-15 16:49:55,727 - INFO: Generating distribution file for temperature of  485.87
2016-04-15 16:49:55,733 - INFO: Generating distribution file for temperature of  511.14
2016-04-15 16:49:55,745 - INFO: Generating distribution file for temperature of  537.54
2016-04-15 16:49:55,757 - INFO: Ending process...
